#
# A fatal error has been detected by the Java Runtime Environment:
#
#  SIGBUS (0x7) at pc=0x00007f24fde11f70, pid=74196, tid=0x00007f24fe9ff640
#
# JRE version: OpenJDK Runtime Environment (8.0_372-b07) (build 1.8.0_372-b07)
# Java VM: OpenJDK 64-Bit Server VM (25.372-b07 mixed mode linux-amd64 compressed oops)
# Problematic frame:
# C  [libzip.so+0x11f70]  newEntry.isra.4+0x60
#
# Failed to write core dump. Core dumps have been disabled. To enable core dumping, try "ulimit -c unlimited" before starting Java again
#
# If you would like to submit a bug report, please visit:
#   https://github.com/corretto/corretto-8/issues/
# The crash happened outside the Java Virtual Machine in native code.
# See problematic frame for where to report the bug.
#

---------------  T H R E A D  ---------------

Current thread (0x00007f24f800a000):  JavaThread "main" [_thread_in_native, id=74209, stack(0x00007f24fe900000,0x00007f24fea00000)]

siginfo: si_signo: 7 (SIGBUS), si_code: 2 (BUS_ADRERR), si_addr: 0x00007f24a4829818

Registers:
RAX=0x00007f24f8fb23f0, RBX=0x00007f24f873ba20, RCX=0x0000000000000003, RDX=0x00007f24f80008e0
RSP=0x00007f24fe9fb830, RBP=0x00007f24fe9fb8a0, RSI=0x00007f24f8fbb9a0, RDI=0x0000000000000013
R8 =0x00007f24f800a000, R9 =0x0000000000000019, R10=0x00007f24e9302e98, R11=0x00000000d939a4b0
R12=0x00000000000017fa, R13=0x0000000085a8cfdd, R14=0x00007f24f8fb23f0, R15=0x00007f24a48297fa
RIP=0x00007f24fde11f70, EFLAGS=0x0000000000010206, CSGSFS=0x002b000000000033, ERR=0x0000000000000004
  TRAPNO=0x000000000000000e

Top of Stack: (sp=0x00007f24fe9fb830)
0x00007f24fe9fb830:   00000000e8d37f78 0000ffff00001fa0
0x00007f24fe9fb840:   00007f24fe9fbf28 00007f24e8f4dc98
0x00007f24fe9fb850:   00000000e8d35198 00007f24e8a2ddd8
0x00007f24fe9fb860:   00000000e8a535e8 00000000ff31d0b1
0x00007f24fe9fb870:   0000000000000019 00007f24f873bf20
0x00007f24fe9fb880:   0000000000000019 0000000085a8cfdd
0x00007f24fe9fb890:   00007f24f873ba20 00007f24f87400a0
0x00007f24fe9fb8a0:   00007f24fe9fb8f0 00007f24fde12c5e
0x00007f24fe9fb8b0:   0100000000000019 00007f24fe9fb910
0x00007f24fe9fb8c0:   00000000e8d73a90 0000000000000019
0x00007f24fe9fb8d0:   00007f24f800a260 00007f24fe9fbd68
0x00007f24fe9fb8e0:   00007f24fe9fb910 00007f24f873ba20
0x00007f24fe9fb8f0:   00007f24fe9fbd50 00007f24fde03b35
0x00007f24fe9fb900:   00000000d93941b0 0000000000000001
0x00007f24fe9fb910:   464e492d4154454d 2e676e697270732f
0x00007f24fe9fb920:   6569726f74636166 7543747865000073
0x00007f24fe9fb930:   79442e74e8d35800 6f725063696d616e
0x00007f24fe9fb940:   6f632e74e8ea5178 75732e747865746e
0x00007f24fe9fb950:   00000000e8935e68 00000000e8cf06f8
0x00007f24fe9fb960:   00000000e88f3c50 0000000000000000
0x00007f24fe9fb970:   0000000000000000 00000000e8d3be30
0x00007f24fe9fb980:   0000000057840ee0 00000000578bcec8
0x00007f24fe9fb990:   00000000578bce68 00000000e8aaf848
0x00007f24fe9fb9a0:   00000000e8d35820 00000000e8d808d8
0x00007f24fe9fb9b0:   00000000578ab800 00000000e88f3c30
0x00007f24fe9fb9c0:   00000000e8d29480 00007f24e8d25b68
0x00007f24fe9fb9d0:   00007f24e8d25b88 00007f24578b3c08
0x00007f24fe9fb9e0:   0000000000000003 00007f24e8d357c0
0x00007f24fe9fb9f0:   00007f24e8a535c8 00007f2457840ec0
0x00007f24fe9fba00:   00000000e8933a40 00000000578b3c28
0x00007f24fe9fba10:   0000000000000000 0000000000000000
0x00007f24fe9fba20:   00007f24e88f3c10 00007f24578bcf28 

Instructions: (pc=0x00007f24fde11f70)
0x00007f24fde11f50:   00 00 00 48 c7 40 28 00 00 00 00 4d 8b 24 24 0f
0x00007f24fde11f60:   84 1b 01 00 00 4c 2b 63 28 4c 8b 7b 18 4d 01 e7
0x00007f24fde11f70:   41 0f b7 47 1e 45 0f b7 6f 1c 45 31 e4 66 89 45
0x00007f24fde11f80:   ca 41 0f b7 47 20 44 89 ea 66 89 45 c8 41 8b 47 

Register to memory mapping:

RAX=0x00007f24f8fb23f0 is an unknown value
RBX=0x00007f24f873ba20 is an unknown value
RCX=0x0000000000000003 is an unknown value
RDX=0x00007f24f80008e0 is an unknown value
RSP=0x00007f24fe9fb830 is pointing into the stack for thread: 0x00007f24f800a000
RBP=0x00007f24fe9fb8a0 is pointing into the stack for thread: 0x00007f24f800a000
RSI=0x00007f24f8fbb9a0 is an unknown value
RDI=0x0000000000000013 is an unknown value
R8 =0x00007f24f800a000 is a thread
R9 =0x0000000000000019 is an unknown value
R10=0x00007f24e9302e98 is at entry_point+88 in (nmethod*)0x00007f24e9302cd0
R11=0x00000000d939a4b0 is an oop
