09/11/2023 19:40:40.707 |||  INFO 81dddec3e394 --- [           main] c.a.d.DeliveryControlApplication         :
            Starting DeliveryControlApplication v0.0.1-SNAPSHOT using Java 17-ea on 81dddec3e394 with PID 1 (/app/app.jar started by root in /app)
09/11/2023 19:40:40.715 ||| DEBUG 81dddec3e394 --- [           main] c.a.d.DeliveryControlApplication         :
            Running with Spring Boot v2.7.15-SNAPSHOT, Spring v5.3.29
09/11/2023 19:40:40.716 |||  INFO 81dddec3e394 --- [           main] c.a.d.DeliveryControlApplication         :
            No active profile set, falling back to 1 default profile: "default"
09/11/2023 19:40:42.087 |||  INFO 81dddec3e394 --- [           main] .s.d.r.c.RepositoryConfigurationDelegate :
            Multiple Spring Data modules found, entering strict repository configuration mode
09/11/2023 19:40:42.090 |||  INFO 81dddec3e394 --- [           main] .s.d.r.c.RepositoryConfigurationDelegate :
            Bootstrapping Spring Data JPA repositories in DEFAULT mode.
09/11/2023 19:40:42.236 |||  INFO 81dddec3e394 --- [           main] .s.d.r.c.RepositoryConfigurationDelegate :
            Finished Spring Data repository scanning in 137 ms. Found 3 JPA repository interfaces.
09/11/2023 19:40:42.248 |||  INFO 81dddec3e394 --- [           main] .s.d.r.c.RepositoryConfigurationDelegate :
            Multiple Spring Data modules found, entering strict repository configuration mode
09/11/2023 19:40:42.249 |||  INFO 81dddec3e394 --- [           main] .s.d.r.c.RepositoryConfigurationDelegate :
            Bootstrapping Spring Data Redis repositories in DEFAULT mode.
09/11/2023 19:40:42.272 |||  INFO 81dddec3e394 --- [           main] .RepositoryConfigurationExtensionSupport :
            Spring Data Redis - Could not safely identify store assignment for repository candidate interface com.acert.deliverycontrol.infra.repository.DeliveryRepository; If you want this repository to be a Redis repository, consider annotating your entities with one of these annotations: org.springframework.data.redis.core.RedisHash (preferred), or consider extending one of the following types with your repository: org.springframework.data.keyvalue.repository.KeyValueRepository
09/11/2023 19:40:42.274 |||  INFO 81dddec3e394 --- [           main] .RepositoryConfigurationExtensionSupport :
            Spring Data Redis - Could not safely identify store assignment for repository candidate interface com.acert.deliverycontrol.infra.repository.ClientRepository; If you want this repository to be a Redis repository, consider annotating your entities with one of these annotations: org.springframework.data.redis.core.RedisHash (preferred), or consider extending one of the following types with your repository: org.springframework.data.keyvalue.repository.KeyValueRepository
09/11/2023 19:40:42.275 |||  INFO 81dddec3e394 --- [           main] .RepositoryConfigurationExtensionSupport :
            Spring Data Redis - Could not safely identify store assignment for repository candidate interface com.acert.deliverycontrol.infra.repository.OrderRepository; If you want this repository to be a Redis repository, consider annotating your entities with one of these annotations: org.springframework.data.redis.core.RedisHash (preferred), or consider extending one of the following types with your repository: org.springframework.data.keyvalue.repository.KeyValueRepository
09/11/2023 19:40:42.275 |||  INFO 81dddec3e394 --- [           main] .s.d.r.c.RepositoryConfigurationDelegate :
            Finished Spring Data repository scanning in 10 ms. Found 0 Redis repository interfaces.
09/11/2023 19:40:43.038 |||  INFO 81dddec3e394 --- [           main] o.s.b.w.e.t.TomcatWebServer              :
            Tomcat initialized with port(s): 8081 (http)
09/11/2023 19:40:43.056 |||  INFO 81dddec3e394 --- [           main] o.a.c.h.Http11NioProtocol                :
            Initializing ProtocolHandler ["http-nio-8081"]
09/11/2023 19:40:43.059 |||  INFO 81dddec3e394 --- [           main] o.a.c.c.StandardService                  :
            Starting service [Tomcat]
09/11/2023 19:40:43.060 |||  INFO 81dddec3e394 --- [           main] o.a.c.c.StandardEngine                   :
            Starting Servlet engine: [Apache Tomcat/9.0.79]
09/11/2023 19:40:43.151 |||  INFO 81dddec3e394 --- [           main] o.a.c.c.C.[.[.[/]                        :
            Initializing Spring embedded WebApplicationContext
09/11/2023 19:40:43.152 |||  INFO 81dddec3e394 --- [           main] w.s.c.ServletWebServerApplicationContext :
            Root WebApplicationContext: initialization completed in 2383 ms
09/11/2023 19:40:44.114 |||  INFO 81dddec3e394 --- [           main] c.z.h.HikariDataSource                   :
            HikariPool-1 - Starting...
09/11/2023 19:40:44.335 |||  INFO 81dddec3e394 --- [           main] c.z.h.HikariDataSource                   :
            HikariPool-1 - Start completed.
09/11/2023 19:40:44.543 |||  INFO 81dddec3e394 --- [           main] l.database                               :
            Set default schema name to public
09/11/2023 19:40:44.663 |||  INFO 81dddec3e394 --- [           main] l.lockservice                            :
            Successfully acquired change log lock
09/11/2023 19:40:44.964 |||  INFO 81dddec3e394 --- [           main] l.changelog                              :
            Reading from public.databasechangelog
09/11/2023 19:40:45.037 |||  INFO 81dddec3e394 --- [           main] l.lockservice                            :
            Successfully released change log lock
09/11/2023 19:40:45.107 |||  INFO 81dddec3e394 --- [           main] o.h.j.i.u.LogHelper                      :
            HHH000204: Processing PersistenceUnitInfo [name: default]
09/11/2023 19:40:45.162 |||  INFO 81dddec3e394 --- [           main] o.h.Version                              :
            HHH000412: Hibernate ORM core version 5.6.15.Final
09/11/2023 19:40:45.359 |||  INFO 81dddec3e394 --- [           main] o.h.a.c.Version                          :
            HCANN000001: Hibernate Commons Annotations {5.1.2.Final}
09/11/2023 19:40:45.503 |||  INFO 81dddec3e394 --- [           main] o.h.d.Dialect                            :
            HHH000400: Using dialect: org.hibernate.dialect.PostgreSQLDialect
09/11/2023 19:40:46.105 |||  INFO 81dddec3e394 --- [           main] o.h.e.t.j.p.i.JtaPlatformInitiator       :
            HHH000490: Using JtaPlatform implementation: [org.hibernate.engine.transaction.jta.platform.internal.NoJtaPlatform]
09/11/2023 19:40:46.114 |||  INFO 81dddec3e394 --- [           main] j.LocalContainerEntityManagerFactoryBean :
            Initialized JPA EntityManagerFactory for persistence unit 'default'
09/11/2023 19:40:46.663 ||| DEBUG 81dddec3e394 --- [           main] c.a.d.i.c.s.JwtTokenFilter               :
            Filter 'jwtTokenFilter' configured for use
09/11/2023 19:40:47.021 |||  WARN 81dddec3e394 --- [           main] o.s.s.c.a.w.b.WebSecurity                :
            You are asking Spring Security to ignore Ant [pattern='/swagger-ui/**']. This is not recommended -- please use permitAll via HttpSecurity#authorizeHttpRequests instead.
09/11/2023 19:40:47.021 |||  INFO 81dddec3e394 --- [           main] o.s.s.w.DefaultSecurityFilterChain       :
            Will not secure Ant [pattern='/swagger-ui/**']
09/11/2023 19:40:47.022 |||  WARN 81dddec3e394 --- [           main] o.s.s.c.a.w.b.WebSecurity                :
            You are asking Spring Security to ignore Ant [pattern='/swagger-resources/**']. This is not recommended -- please use permitAll via HttpSecurity#authorizeHttpRequests instead.
09/11/2023 19:40:47.022 |||  INFO 81dddec3e394 --- [           main] o.s.s.w.DefaultSecurityFilterChain       :
            Will not secure Ant [pattern='/swagger-resources/**']
09/11/2023 19:40:47.022 |||  WARN 81dddec3e394 --- [           main] o.s.s.c.a.w.b.WebSecurity                :
            You are asking Spring Security to ignore Ant [pattern='/swagger-ui.html']. This is not recommended -- please use permitAll via HttpSecurity#authorizeHttpRequests instead.
09/11/2023 19:40:47.022 |||  INFO 81dddec3e394 --- [           main] o.s.s.w.DefaultSecurityFilterChain       :
            Will not secure Ant [pattern='/swagger-ui.html']
09/11/2023 19:40:47.022 |||  WARN 81dddec3e394 --- [           main] o.s.s.c.a.w.b.WebSecurity                :
            You are asking Spring Security to ignore Ant [pattern='/v3/api-docs/**']. This is not recommended -- please use permitAll via HttpSecurity#authorizeHttpRequests instead.
09/11/2023 19:40:47.022 |||  INFO 81dddec3e394 --- [           main] o.s.s.w.DefaultSecurityFilterChain       :
            Will not secure Ant [pattern='/v3/api-docs/**']
09/11/2023 19:40:47.023 |||  WARN 81dddec3e394 --- [           main] o.s.s.c.a.w.b.WebSecurity                :
            You are asking Spring Security to ignore Ant [pattern='/webjars/**']. This is not recommended -- please use permitAll via HttpSecurity#authorizeHttpRequests instead.
09/11/2023 19:40:47.023 |||  INFO 81dddec3e394 --- [           main] o.s.s.w.DefaultSecurityFilterChain       :
            Will not secure Ant [pattern='/webjars/**']
09/11/2023 19:40:47.023 |||  WARN 81dddec3e394 --- [           main] o.s.s.c.a.w.b.WebSecurity                :
            You are asking Spring Security to ignore Ant [pattern='/actuator/**']. This is not recommended -- please use permitAll via HttpSecurity#authorizeHttpRequests instead.
09/11/2023 19:40:47.023 |||  INFO 81dddec3e394 --- [           main] o.s.s.w.DefaultSecurityFilterChain       :
            Will not secure Ant [pattern='/actuator/**']
09/11/2023 19:40:47.023 |||  WARN 81dddec3e394 --- [           main] o.s.s.c.a.w.b.WebSecurity                :
            You are asking Spring Security to ignore Ant [pattern='/log/**']. This is not recommended -- please use permitAll via HttpSecurity#authorizeHttpRequests instead.
09/11/2023 19:40:47.023 |||  INFO 81dddec3e394 --- [           main] o.s.s.w.DefaultSecurityFilterChain       :
            Will not secure Ant [pattern='/log/**']
09/11/2023 19:40:47.048 |||  INFO 81dddec3e394 --- [           main] o.s.s.w.DefaultSecurityFilterChain       :
            Will secure any request with [org.springframework.security.web.session.DisableEncodeUrlFilter@2aa5bd48, org.springframework.security.web.context.request.async.WebAsyncManagerIntegrationFilter@7cfb8e98, org.springframework.security.web.context.SecurityContextPersistenceFilter@38cfecf3, org.springframework.security.web.header.HeaderWriterFilter@6206b4a7, org.springframework.web.filter.CorsFilter@62a6674f, org.springframework.security.web.authentication.logout.LogoutFilter@69f080ad, com.acert.deliverycontrol.infra.config.security.JwtTokenFilter@7c950b3b, org.springframework.security.web.savedrequest.RequestCacheAwareFilter@25ad25f5, org.springframework.security.web.servletapi.SecurityContextHolderAwareRequestFilter@40d96578, org.springframework.security.web.authentication.AnonymousAuthenticationFilter@5f193335, org.springframework.security.web.session.SessionManagementFilter@2baf72d5, org.springframework.security.web.access.ExceptionTranslationFilter@c14e5a5, org.springframework.security.web.access.intercept.FilterSecurityInterceptor@7c9beb51]
