09/11/2023 19:40:48.669 |||  INFO 81dddec3e394 --- [           main] o.s.b.a.e.w.EndpointLinksResolver        :
            Exposing 16 endpoint(s) beneath base path '/actuator'
09/11/2023 19:40:48.712 |||  INFO 81dddec3e394 --- [           main] o.a.c.h.Http11NioProtocol                :
            Starting ProtocolHandler ["http-nio-8081"]
09/11/2023 19:40:48.725 |||  INFO 81dddec3e394 --- [           main] o.s.b.w.e.t.TomcatWebServer              :
            Tomcat started on port(s): 8081 (http) with context path ''
09/11/2023 19:40:48.865 |||  INFO 81dddec3e394 --- [           main] s.a.ScheduledAnnotationBeanPostProcessor :
            No TaskScheduler/ScheduledExecutorService bean found for scheduled processing
09/11/2023 19:40:48.873 |||  INFO 81dddec3e394 --- [           main] c.a.d.DeliveryControlApplication         :
            Started DeliveryControlApplication in 8.603 seconds (JVM running for 9.549)
09/11/2023 19:40:50.354 |||  INFO 81dddec3e394 --- [nio-8081-exec-1] o.a.c.c.C.[.[.[/]                        :
            Initializing Spring DispatcherServlet 'dispatcherServlet'
09/11/2023 19:40:50.354 |||  INFO 81dddec3e394 --- [nio-8081-exec-1] o.s.w.s.DispatcherServlet                :
            Initializing Servlet 'dispatcherServlet'
09/11/2023 19:40:50.356 |||  INFO 81dddec3e394 --- [nio-8081-exec-1] o.s.w.s.DispatcherServlet                :
            Completed initialization in 1 ms
09/11/2023 19:56:43.295 |||  INFO 81dddec3e394 --- [ionShutdownHook] j.LocalContainerEntityManagerFactoryBean :
            Closing JPA EntityManagerFactory for persistence unit 'default'
09/11/2023 19:56:43.412 |||  INFO 81dddec3e394 --- [ionShutdownHook] c.z.h.HikariDataSource                   :
            HikariPool-1 - Shutdown initiated...
09/11/2023 19:56:43.416 |||  INFO 81dddec3e394 --- [ionShutdownHook] c.z.h.HikariDataSource                   :
            HikariPool-1 - Shutdown completed.
